开始潮流数据检查...
调用拓扑程序，进行拓扑结构检查...
检查拓扑前后元件状态的变化...
检查交流线
检查电容电抗器
检查变压器
检查发电机
检查负荷
检查直流线
检查VSC换流器
检查直流线路
检查LCC换流器
检查潮流计算数据库...
潮流计算数据库检查完成，没有发现错误。
系统发电、负荷出力(p.u.)汇总
 分区号        分区名      PG           QG           PL           QL           dP           dQ     
      1       AREA1_1          8.1          3.6        8.895         5.34       -0.795        -1.74
      2       AREA2_2         5.89         4.04       16.783        6.236      -10.893       -2.196
      3       AREA3_3         5.31            0            0            0         5.31            0
             全网汇总         19.3         7.64       25.678       11.576       -6.378       -3.936
数据检查完成，没有发现错误。
