 Newton Method (Power Equation) Iterative Process
   ------------------------------------------------
       T         BUS.         MAX(DVR,DVI)
     --- -------------------- ------------
       0                BUS50     0.699538
       1                BUS50     0.480779
       2                BUS50   685.284180
       3                BUS50   342.637951
       4                BUS50   171.319371
       5                BUS50    85.660446
       6                BUS50    42.831639
       7                BUS50    21.418333
       8                BUS50    10.713387
       9                BUS50     5.363572
      10                BUS50     2.693225
      11                BUS50     1.366745
      12                BUS50     0.722629
      13                BUS50     0.455758
      14                BUS50     0.871962
      15                BUS50     0.497758
      16                BUS50     0.617746
      17                 BUS4   184.635109
      18                 BUS4    93.462221
      19                 BUS4    45.457796
      20                 BUS4    22.772980
      21                 BUS4    11.690504
      22                 BUS4     9.674036
      23                 BUS4     3.808700
      24                 BUS4    19.844767
      25                 BUS4    10.113994
      26                 BUS4     5.365928
      27                 BUS4     3.211733
      28                 BUS4     2.210033
      29                 BUS4     1.975451
      30                 BUS4     2.512850
      31                 BUS4     1.647782
      32                 BUS4     3.529243
      33                 BUS4     2.002260
      34                 BUS4     1.129668
      35                 BUS6     3.490783
      36                 BUS6     1.821831
      37                 BUS6     1.167433
      38                 BUS6     6.764034
      39                 BUS6     3.430341
      40                 BUS6     1.801966
      41                 BUS6     1.072315
      42                 BUS4     1.234553
      43                 BUS4     0.850768
      44                 BUS6   191.707862
      45                 BUS6    95.855241
      46                 BUS6    47.929317
      47                 BUS6    23.968061
      48                 BUS6    11.990878
      49                 BUS6     6.009295
      50                 BUS6     3.032905
 Newton Method (Power Equation) Iterative Process
   ------------------------------------------------
       T         BUS.         MAX(DVR,DVI)
     --- -------------------- ------------
       0                BUS50     0.699538
       1                BUS50     0.480779
       2                BUS50   685.284180
       3                BUS50   342.637951
       4                BUS50   171.319371
       5                BUS50    85.660446
       6                BUS50    42.831639
       7                BUS50    21.418333
       8                BUS50    10.713387
       9                BUS50     5.363572
      10                BUS50     2.693225
      11                BUS50     1.366745
      12                BUS50     0.722629
      13                BUS50     0.455758
      14                BUS50     0.871962
      15                BUS50     0.497758
      16                BUS50     0.617746
      17                 BUS4   184.635109
      18                 BUS4    93.462221
      19                 BUS4    45.457796
      20                 BUS4    22.772980
      21                 BUS4    11.690504
      22                 BUS4     9.674036
      23                 BUS4     3.808700
      24                 BUS4    19.844767
      25                 BUS4    10.113994
      26                 BUS4     5.365928
      27                 BUS4     3.211733
      28                 BUS4     2.210033
      29                 BUS4     1.975451
      30                 BUS4     2.512850
      31                 BUS4     1.647782
      32                 BUS4     3.529243
      33                 BUS4     2.002260
      34                 BUS4     1.129668
      35                 BUS6     3.490783
      36                 BUS6     1.821831
      37                 BUS6     1.167433
      38                 BUS6     6.764034
      39                 BUS6     3.430341
      40                 BUS6     1.801966
      41                 BUS6     1.072315
      42                 BUS4     1.234553
      43                 BUS4     0.850768
      44                 BUS6   191.707862
      45                 BUS6    95.855241
      46                 BUS6    47.929317
      47                 BUS6    23.968061
      48                 BUS6    11.990878
      49                 BUS6     6.009295
      50                 BUS6     3.032905
   ------------------------------------------------
             Slack Bus           P          Q
  -------------------- -----------  ---------
                  BUS1     -0.3070   -57.1758
 PSASP Load Flow Version:20190404
